-------------------------------------------------------------------------------
Test set: com.nisum.onestopshop.be.runner.Runner
-------------------------------------------------------------------------------
Tests run: 2, Failures: 1, Errors: 0, Skipped: 0, Time elapsed: 14.012 sec <<< FAILURE! - in com.nisum.onestopshop.be.runner.Runner
Search with filters.(List of Departments)  Time elapsed: 0.186 sec  <<< FAILURE!
java.lang.AssertionError: expected:<200> but was:<500>

