<?xml version="1.0" encoding="UTF-8"?>
<testsuite xmlns:xsi="http://www.w3.org/2001/XMLSchema-instance" xsi:schemaLocation="https://maven.apache.org/surefire/maven-surefire-plugin/xsd/surefire-test-report.xsd" name="com.nisum.onestopshop.be.runner.Runner" time="14.012" tests="2" errors="0" skipped="0" failures="1">
  <properties>
[...]
</properties>
  <testcase name="Perform a get request and verify departments." classname="List of Departments" time="12.75"/>
  <testcase name="Search with filters." classname="List of Departments" time="0.186">
    <failure message="expected:&lt;200&gt; but was:&lt;500&gt;" type="java.lang.AssertionError"><![CDATA[java.lang.AssertionError: expected:<200> but was:<500>
]]></failure>
    <system-err><![CDATA[[main] INFO net.thucydides.core.steps.ConsoleLoggingListener - 
 _____ _____ ____ _____   ____ _____  _    ____ _____ _____ ____  
|_   _| ____/ ___|_   _| / ___|_   _|/ \  |  _ \_   _| ____|  _ \ 
  | | |  _| \___ \ | |   \___ \ | | / _ \ | |_) || | |  _| | | | |
  | | | |___ ___) || |    ___) || |/ ___ \|  _ < | | | |___| |_| |
  |_| |_____|____/ |_|   |____/ |_/_/   \_\_| \_\|_| |_____|____/ 
                                                                  

TEST STARTED: Search with filters.
-------------------------------------------------------------------(list-of-departments;search-with-filters.)
Mar 15, 2019 7:52:13 PM org.springframework.test.context.support.DefaultTestContextBootstrapper getDefaultTestExecutionListenerClassNames
INFO: Loaded default TestExecutionListener class names from location [META-INF/spring.factories]: [org.springframework.boot.test.mock.mockito.MockitoTestExecutionListener, org.springframework.boot.test.mock.mockito.ResetMocksTestExecutionListener, org.springframework.boot.test.autoconfigure.restdocs.RestDocsTestExecutionListener, org.springframework.boot.test.autoconfigure.web.client.MockRestServiceServerResetTestExecutionListener, org.springframework.boot.test.autoconfigure.web.servlet.MockMvcPrintOnlyOnFailureTestExecutionListener, org.springframework.boot.test.autoconfigure.web.servlet.WebDriverTestExecutionListener, org.springframework.test.context.web.ServletTestExecutionListener, org.springframework.test.context.support.DirtiesContextBeforeModesTestExecutionListener, org.springframework.test.context.support.DependencyInjectionTestExecutionListener, org.springframework.test.context.support.DirtiesContextTestExecutionListener, org.springframework.test.context.transaction.TransactionalTestExecutionListener, org.springframework.test.context.jdbc.SqlScriptsTestExecutionListener]
Mar 15, 2019 7:52:13 PM org.springframework.test.context.support.DefaultTestContextBootstrapper getTestExecutionListeners
INFO: Using TestExecutionListeners: [org.springframework.test.context.web.ServletTestExecutionListener@445bce9a, org.springframework.test.context.support.DirtiesContextBeforeModesTestExecutionListener@7db40fd5, org.springframework.boot.test.mock.mockito.MockitoTestExecutionListener@5e1a5f, org.springframework.test.context.support.DependencyInjectionTestExecutionListener@31b0f02, org.springframework.test.context.support.DirtiesContextTestExecutionListener@19ae2ee5, org.springframework.test.context.transaction.TransactionalTestExecutionListener@44b940a2, org.springframework.test.context.jdbc.SqlScriptsTestExecutionListener@34c53688, org.springframework.boot.test.mock.mockito.ResetMocksTestExecutionListener@6ffd4c0d, org.springframework.boot.test.autoconfigure.restdocs.RestDocsTestExecutionListener@74c9e11, org.springframework.boot.test.autoconfigure.web.client.MockRestServiceServerResetTestExecutionListener@9fe720a, org.springframework.boot.test.autoconfigure.web.servlet.MockMvcPrintOnlyOnFailureTestExecutionListener@149274cb, org.springframework.boot.test.autoconfigure.web.servlet.WebDriverTestExecutionListener@118acf70]
[main] INFO com.nisum.onestopshop.be.stepdefenation.DepartmentTestCase - This will run before the Scenario
[main] INFO com.nisum.onestopshop.be.stepdefenation.DepartmentTestCase - Map is {status=[1]}
[main] INFO com.nisum.onestopshop.be.stepdefenation.DepartmentTestCase - ############## response is {"timestamp":"2019-03-15T14:52:13.634+0000","status":500,"error":"Internal Server Error","message":"No value supplied for the SQL parameter 'NOOFRECORDS': No value registered for key 'NOOFRECORDS'","path":"/api/v1/products"}
[main] ERROR net.thucydides.core.steps.ConsoleLoggingListener - 
           __  _____ _____ ____ _____   _____ _    ___ _     _____ ____  
  _       / / |_   _| ____/ ___|_   _| |  ___/ \  |_ _| |   | ____|  _ \ 
 (_)_____| |    | | |  _| \___ \ | |   | |_ / _ \  | || |   |  _| | | | |
  _|_____| |    | | | |___ ___) || |   |  _/ ___ \ | || |___| |___| |_| |
 (_)     | |    |_| |_____|____/ |_|   |_|/_/   \_\___|_____|_____|____/ 
          \_\                                                            

TEST FAILED: Search with filters.
--------------------------------------------------------------------------
[main] ERROR net.thucydides.core.steps.ConsoleLoggingListener - TEST FAILED AT STEP Then verify the status '200'
[main] ERROR net.thucydides.core.steps.ConsoleLoggingListener - expected:<200> but was:<500>
]]></system-err>
  </testcase>
</testsuite>